# JRE version: OpenJDK Runtime Environment Temurin-21.0.6+7 (21.0.6+7) (build 21.0.6+7-LTS)
# Java VM: OpenJDK 64-Bit Server VM Temurin-21.0.6+7 (21.0.6+7-LTS, mixed mode, sharing, tiered, compressed oops, compressed class ptrs, parallel gc, windows-amd64)
GC Precious Log:
 CardTable entry size: 512
 CPUs: 20 total, 20 available
 Memory: 16068M
 Large Page Support: Disabled
 NUMA Support: Disabled
 Compressed Oops: Enabled (32-bit)
 Alignments: Space 512K, Generation 512K, Heap 2M
 Heap Min Capacity: 100M
 Heap Initial Capacity: 100M
 Heap Max Capacity: 1G
 Pre-touch: Disabled
 Parallel Workers: 15
Heap:
 PSYoungGen      total 2560K, used 2515K [0x00000000eab00000, 0x00000000eae80000, 0x0000000100000000)
  eden space 2048K, 99% used [0x00000000eab00000,0x00000000eacfcd20,0x00000000ead00000)
  from space 512K, 93% used [0x00000000ead80000,0x00000000eadf8000,0x00000000eae00000)
  to   space 512K, 100% used [0x00000000eae00000,0x00000000eae80000,0x00000000eae80000)
 ParOldGen       total 511488K, used 511035K [0x00000000c0000000, 0x00000000df380000, 0x00000000eab00000)
  object space 511488K, 99% used [0x00000000c0000000,0x00000000df30ec90,0x00000000df380000)
 Metaspace       used 63764K, committed 65280K, reserved 1114112K
  class space    used 6443K, committed 7104K, reserved 1048576K
GC Heap History (20 events):
Event: 16.441 GC heap before
{Heap before GC invocations=958 (full 3):
 PSYoungGen      total 3072K, used 2560K [0x00000000eab00000, 0x00000000eaf00000, 0x0000000100000000)
  eden space 2048K, 100% used [0x00000000eab00000,0x00000000ead00000,0x00000000ead00000)
  from space 1024K, 50% used [0x00000000eae00000,0x00000000eae80000,0x00000000eaf00000)
  to   space 1024K, 0% used [0x00000000ead00000,0x00000000ead00000,0x00000000eae00000)
 ParOldGen       total 506368K, used 506147K [0x00000000c0000000, 0x00000000dee80000, 0x00000000eab00000)
  object space 506368K, 99% used [0x00000000c0000000,0x00000000dee48e70,0x00000000dee80000)
 Metaspace       used 63764K, committed 65280K, reserved 1114112K
  class space    used 6443K, committed 7104K, reserved 1048576K
}
Event: 16.442 GC heap after
{Heap after GC invocations=958 (full 3):
 PSYoungGen      total 3072K, used 480K [0x00000000eab00000, 0x00000000eae80000, 0x0000000100000000)
  eden space 2048K, 0% used [0x00000000eab00000,0x00000000eab00000,0x00000000ead00000)
  from space 1024K, 46% used [0x00000000ead00000,0x00000000ead78000,0x00000000eae00000)
  to   space 512K, 0% used [0x00000000eae00000,0x00000000eae00000,0x00000000eae80000)
 ParOldGen       total 506880K, used 506435K [0x00000000c0000000, 0x00000000def00000, 0x00000000eab00000)
  object space 506880K, 99% used [0x00000000c0000000,0x00000000dee90e70,0x00000000def00000)
 Metaspace       used 63764K, committed 65280K, reserved 1114112K
  class space    used 6443K, committed 7104K, reserved 1048576K
}
Event: 16.446 GC heap before
{Heap before GC invocations=959 (full 3):
 PSYoungGen      total 3072K, used 2528K [0x00000000eab00000, 0x00000000eae80000, 0x0000000100000000)
  eden space 2048K, 100% used [0x00000000eab00000,0x00000000ead00000,0x00000000ead00000)
  from space 1024K, 46% used [0x00000000ead00000,0x00000000ead78000,0x00000000eae00000)
  to   space 512K, 0% used [0x00000000eae00000,0x00000000eae00000,0x00000000eae80000)
 ParOldGen       total 506880K, used 506435K [0x00000000c0000000, 0x00000000def00000, 0x00000000eab00000)
  object space 506880K, 99% used [0x00000000c0000000,0x00000000dee90e70,0x00000000def00000)
 Metaspace       used 63764K, committed 65280K, reserved 1114112K
  class space    used 6443K, committed 7104K, reserved 1048576K
}
Event: 16.446 GC heap after
{Heap after GC invocations=959 (full 3):
 PSYoungGen      total 2560K, used 512K [0x00000000eab00000, 0x00000000eaf00000, 0x0000000100000000)
  eden space 2048K, 0% used [0x00000000eab00000,0x00000000eab00000,0x00000000ead00000)
  from space 512K, 100% used [0x00000000eae00000,0x00000000eae80000,0x00000000eae80000)
  to   space 1024K, 0% used [0x00000000ead00000,0x00000000ead00000,0x00000000eae00000)
 ParOldGen       total 506880K, used 506707K [0x00000000c0000000, 0x00000000def00000, 0x00000000eab00000)
  object space 506880K, 99% used [0x00000000c0000000,0x00000000deed4e70,0x00000000def00000)
 Metaspace       used 63764K, committed 65280K, reserved 1114112K
  class space    used 6443K, committed 7104K, reserved 1048576K
}
Event: 16.450 GC heap before
{Heap before GC invocations=960 (full 3):
 PSYoungGen      total 2560K, used 2555K [0x00000000eab00000, 0x00000000eaf00000, 0x0000000100000000)
  eden space 2048K, 99% used [0x00000000eab00000,0x00000000eacfefa0,0x00000000ead00000)
  from space 512K, 100% used [0x00000000eae00000,0x00000000eae80000,0x00000000eae80000)
  to   space 1024K, 0% used [0x00000000ead00000,0x00000000ead00000,0x00000000eae00000)
 ParOldGen       total 506880K, used 506707K [0x00000000c0000000, 0x00000000def00000, 0x00000000eab00000)
  object space 506880K, 99% used [0x00000000c0000000,0x00000000deed4e70,0x00000000def00000)
 Metaspace       used 63764K, committed 65280K, reserved 1114112K
  class space    used 6443K, committed 7104K, reserved 1048576K
}
Event: 16.451 GC heap after
{Heap after GC invocations=960 (full 3):
 PSYoungGen      total 3072K, used 416K [0x00000000eab00000, 0x00000000eae80000, 0x0000000100000000)
  eden space 2048K, 0% used [0x00000000eab00000,0x00000000eab00000,0x00000000ead00000)
  from space 1024K, 40% used [0x00000000ead00000,0x00000000ead68000,0x00000000eae00000)
  to   space 512K, 0% used [0x00000000eae00000,0x00000000eae00000,0x00000000eae80000)
 ParOldGen       total 507392K, used 506979K [0x00000000c0000000, 0x00000000def80000, 0x00000000eab00000)
  object space 507392K, 99% used [0x00000000c0000000,0x00000000def18e70,0x00000000def80000)
 Metaspace       used 63764K, committed 65280K, reserved 1114112K
  class space    used 6443K, committed 7104K, reserved 1048576K
}
Event: 16.455 GC heap before
{Heap before GC invocations=961 (full 3):
 PSYoungGen      total 3072K, used 2464K [0x00000000eab00000, 0x00000000eae80000, 0x0000000100000000)
  eden space 2048K, 100% used [0x00000000eab00000,0x00000000ead00000,0x00000000ead00000)
  from space 1024K, 40% used [0x00000000ead00000,0x00000000ead68000,0x00000000eae00000)
  to   space 512K, 0% used [0x00000000eae00000,0x00000000eae00000,0x00000000eae80000)
 ParOldGen       total 507392K, used 506979K [0x00000000c0000000, 0x00000000def80000, 0x00000000eab00000)
  object space 507392K, 99% used [0x00000000c0000000,0x00000000def18e70,0x00000000def80000)
 Metaspace       used 63764K, committed 65280K, reserved 1114112K
  class space    used 6443K, committed 7104K, reserved 1048576K
}
Event: 16.456 GC heap after
{Heap after GC invocations=961 (full 3):
 PSYoungGen      total 2560K, used 512K [0x00000000eab00000, 0x00000000eaf80000, 0x0000000100000000)
  eden space 2048K, 0% used [0x00000000eab00000,0x00000000eab00000,0x00000000ead00000)
  from space 512K, 100% used [0x00000000eae00000,0x00000000eae80000,0x00000000eae80000)
  to   space 1024K, 0% used [0x00000000ead00000,0x00000000ead00000,0x00000000eae00000)
 ParOldGen       total 507392K, used 507259K [0x00000000c0000000, 0x00000000def80000, 0x00000000eab00000)
  object space 507392K, 99% used [0x00000000c0000000,0x00000000def5ee70,0x00000000def80000)
 Metaspace       used 63764K, committed 65280K, reserved 1114112K
  class space    used 6443K, committed 7104K, reserved 1048576K
}
Event: 16.460 GC heap before
{Heap before GC invocations=962 (full 3):
 PSYoungGen      total 2560K, used 2560K [0x00000000eab00000, 0x00000000eaf80000, 0x0000000100000000)
  eden space 2048K, 100% used [0x00000000eab00000,0x00000000ead00000,0x00000000ead00000)
  from space 512K, 100% used [0x00000000eae00000,0x00000000eae80000,0x00000000eae80000)
  to   space 1024K, 0% used [0x00000000ead00000,0x00000000ead00000,0x00000000eae00000)
 ParOldGen       total 507392K, used 507259K [0x00000000c0000000, 0x00000000def80000, 0x00000000eab00000)
  object space 507392K, 99% used [0x00000000c0000000,0x00000000def5ee70,0x00000000def80000)
 Metaspace       used 63764K, committed 65280K, reserved 1114112K
  class space    used 6443K, committed 7104K, reserved 1048576K
}
Event: 16.461 GC heap after
{Heap after GC invocations=962 (full 3):
 PSYoungGen      total 3072K, used 544K [0x00000000eab00000, 0x00000000eaf00000, 0x0000000100000000)
  eden space 2048K, 0% used [0x00000000eab00000,0x00000000eab00000,0x00000000ead00000)
  from space 1024K, 53% used [0x00000000ead00000,0x00000000ead88000,0x00000000eae00000)
  to   space 1024K, 0% used [0x00000000eae00000,0x00000000eae00000,0x00000000eaf00000)
 ParOldGen       total 507904K, used 507571K [0x00000000c0000000, 0x00000000df000000, 0x00000000eab00000)
  object space 507904K, 99% used [0x00000000c0000000,0x00000000deface70,0x00000000df000000)
 Metaspace       used 63764K, committed 65280K, reserved 1114112K
  class space    used 6443K, committed 7104K, reserved 1048576K
}
Event: 16.467 GC heap before
{Heap before GC invocations=963 (full 3):
 PSYoungGen      total 3072K, used 2588K [0x00000000eab00000, 0x00000000eaf00000, 0x0000000100000000)
  eden space 2048K, 99% used [0x00000000eab00000,0x00000000eacff118,0x00000000ead00000)
  from space 1024K, 53% used [0x00000000ead00000,0x00000000ead88000,0x00000000eae00000)
  to   space 1024K, 0% used [0x00000000eae00000,0x00000000eae00000,0x00000000eaf00000)
 ParOldGen       total 507904K, used 507571K [0x00000000c0000000, 0x00000000df000000, 0x00000000eab00000)
  object space 507904K, 99% used [0x00000000c0000000,0x00000000deface70,0x00000000df000000)
 Metaspace       used 63764K, committed 65280K, reserved 1114112K
  class space    used 6443K, committed 7104K, reserved 1048576K
}
Event: 16.468 GC heap after
{Heap after GC invocations=963 (full 3):
 PSYoungGen      total 3072K, used 760K [0x00000000eab00000, 0x00000000eaf00000, 0x0000000100000000)
  eden space 2048K, 0% used [0x00000000eab00000,0x00000000eab00000,0x00000000ead00000)
  from space 1024K, 74% used [0x00000000eae00000,0x00000000eaebe008,0x00000000eaf00000)
  to   space 1024K, 0% used [0x00000000ead00000,0x00000000ead00000,0x00000000eae00000)
 ParOldGen       total 507904K, used 507875K [0x00000000c0000000, 0x00000000df000000, 0x00000000eab00000)
  object space 507904K, 99% used [0x00000000c0000000,0x00000000deff8e70,0x00000000df000000)
 Metaspace       used 63764K, committed 65280K, reserved 1114112K
  class space    used 6443K, committed 7104K, reserved 1048576K
}
Event: 16.473 GC heap before
{Heap before GC invocations=964 (full 3):
 PSYoungGen      total 3072K, used 2808K [0x00000000eab00000, 0x00000000eaf00000, 0x0000000100000000)
  eden space 2048K, 100% used [0x00000000eab00000,0x00000000ead00000,0x00000000ead00000)
  from space 1024K, 74% used [0x00000000eae00000,0x00000000eaebe008,0x00000000eaf00000)
  to   space 1024K, 0% used [0x00000000ead00000,0x00000000ead00000,0x00000000eae00000)
 ParOldGen       total 507904K, used 507875K [0x00000000c0000000, 0x00000000df000000, 0x00000000eab00000)
  object space 507904K, 99% used [0x00000000c0000000,0x00000000deff8e70,0x00000000df000000)
 Metaspace       used 63764K, committed 65280K, reserved 1114112K
  class space    used 6443K, committed 7104K, reserved 1048576K
}
Event: 16.474 GC heap after
{Heap after GC invocations=964 (full 3):
 PSYoungGen      total 3072K, used 648K [0x00000000eab00000, 0x00000000eaf00000, 0x0000000100000000)
  eden space 2048K, 0% used [0x00000000eab00000,0x00000000eab00000,0x00000000ead00000)
  from space 1024K, 63% used [0x00000000ead00000,0x00000000eada20c0,0x00000000eae00000)
  to   space 1024K, 0% used [0x00000000eae00000,0x00000000eae00000,0x00000000eaf00000)
 ParOldGen       total 508928K, used 508424K [0x00000000c0000000, 0x00000000df100000, 0x00000000eab00000)
  object space 508928K, 99% used [0x00000000c0000000,0x00000000df082080,0x00000000df100000)
 Metaspace       used 63764K, committed 65280K, reserved 1114112K
  class space    used 6443K, committed 7104K, reserved 1048576K
}
Event: 16.478 GC heap before
{Heap before GC invocations=965 (full 3):
 PSYoungGen      total 3072K, used 2696K [0x00000000eab00000, 0x00000000eaf00000, 0x0000000100000000)
  eden space 2048K, 100% used [0x00000000eab00000,0x00000000ead00000,0x00000000ead00000)
  from space 1024K, 63% used [0x00000000ead00000,0x00000000eada20c0,0x00000000eae00000)
  to   space 1024K, 0% used [0x00000000eae00000,0x00000000eae00000,0x00000000eaf00000)
 ParOldGen       total 508928K, used 508424K [0x00000000c0000000, 0x00000000df100000, 0x00000000eab00000)
  object space 508928K, 99% used [0x00000000c0000000,0x00000000df082080,0x00000000df100000)
 Metaspace       used 63764K, committed 65280K, reserved 1114112K
  class space    used 6443K, committed 7104K, reserved 1048576K
}
Event: 16.479 GC heap after
{Heap after GC invocations=965 (full 3):
 PSYoungGen      total 3072K, used 512K [0x00000000eab00000, 0x00000000eaf00000, 0x0000000100000000)
  eden space 2048K, 0% used [0x00000000eab00000,0x00000000eab00000,0x00000000ead00000)
  from space 1024K, 50% used [0x00000000eae00000,0x00000000eae80000,0x00000000eaf00000)
  to   space 1024K, 0% used [0x00000000ead00000,0x00000000ead00000,0x00000000eae00000)
 ParOldGen       total 508928K, used 508776K [0x00000000c0000000, 0x00000000df100000, 0x00000000eab00000)
  object space 508928K, 99% used [0x00000000c0000000,0x00000000df0da080,0x00000000df100000)
 Metaspace       used 63764K, committed 65280K, reserved 1114112K
  class space    used 6443K, committed 7104K, reserved 1048576K
}
Event: 16.483 GC heap before
{Heap before GC invocations=966 (full 3):
 PSYoungGen      total 3072K, used 2560K [0x00000000eab00000, 0x00000000eaf00000, 0x0000000100000000)
  eden space 2048K, 100% used [0x00000000eab00000,0x00000000ead00000,0x00000000ead00000)
  from space 1024K, 50% used [0x00000000eae00000,0x00000000eae80000,0x00000000eaf00000)
  to   space 1024K, 0% used [0x00000000ead00000,0x00000000ead00000,0x00000000eae00000)
 ParOldGen       total 508928K, used 508776K [0x00000000c0000000, 0x00000000df100000, 0x00000000eab00000)
  object space 508928K, 99% used [0x00000000c0000000,0x00000000df0da080,0x00000000df100000)
 Metaspace       used 63764K, committed 65280K, reserved 1114112K
  class space    used 6443K, committed 7104K, reserved 1048576K
}
Event: 16.484 GC heap after
{Heap after GC invocations=966 (full 3):
 PSYoungGen      total 3072K, used 448K [0x00000000eab00000, 0x00000000eae80000, 0x0000000100000000)
  eden space 2048K, 0% used [0x00000000eab00000,0x00000000eab00000,0x00000000ead00000)
  from space 1024K, 43% used [0x00000000ead00000,0x00000000ead70000,0x00000000eae00000)
  to   space 512K, 0% used [0x00000000eae00000,0x00000000eae00000,0x00000000eae80000)
 ParOldGen       total 509440K, used 509104K [0x00000000c0000000, 0x00000000df180000, 0x00000000eab00000)
  object space 509440K, 99% used [0x00000000c0000000,0x00000000df12c080,0x00000000df180000)
 Metaspace       used 63764K, committed 65280K, reserved 1114112K
  class space    used 6443K, committed 7104K, reserved 1048576K
}
Event: 16.487 GC heap before
{Heap before GC invocations=967 (full 3):
 PSYoungGen      total 3072K, used 2485K [0x00000000eab00000, 0x00000000eae80000, 0x0000000100000000)
  eden space 2048K, 99% used [0x00000000eab00000,0x00000000eacfd580,0x00000000ead00000)
  from space 1024K, 43% used [0x00000000ead00000,0x00000000ead70000,0x00000000eae00000)
  to   space 512K, 0% used [0x00000000eae00000,0x00000000eae00000,0x00000000eae80000)
 ParOldGen       total 509440K, used 509104K [0x00000000c0000000, 0x00000000df180000, 0x00000000eab00000)
  object space 509440K, 99% used [0x00000000c0000000,0x00000000df12c080,0x00000000df180000)
 Metaspace       used 63764K, committed 65280K, reserved 1114112K
  class space    used 6443K, committed 7104K, reserved 1048576K
}
Event: 16.488 GC heap after
{Heap after GC invocations=967 (full 3):
 PSYoungGen      total 2560K, used 512K [0x00000000eab00000, 0x00000000eaf00000, 0x0000000100000000)
  eden space 2048K, 0% used [0x00000000eab00000,0x00000000eab00000,0x00000000ead00000)
  from space 512K, 100% used [0x00000000eae00000,0x00000000eae80000,0x00000000eae80000)
  to   space 1024K, 0% used [0x00000000ead00000,0x00000000ead00000,0x00000000eae00000)
 ParOldGen       total 509440K, used 509368K [0x00000000c0000000, 0x00000000df180000, 0x00000000eab00000)
  object space 509440K, 99% used [0x00000000c0000000,0x00000000df16e080,0x00000000df180000)
 Metaspace       used 63764K, committed 65280K, reserved 1114112K
  class space    used 6443K, committed 7104K, reserved 1048576K
}

